<?xml version="1.0" encoding="UTF-8"?>
<!-- Generated by org.testng.reporters.JUnitXMLReporter -->
<testsuite hostname="DESKTOP-2T2R4BA" ignored="0" name="BuyProduct" tests="17" failures="0" timestamp="2020-11-23T14:53:02 IST" time="86.511" errors="0">
  <testcase name="verifyUrl" time="5.024" classname="Assignment.Page1"/>
  <testcase name="selectItemType" time="0.171" classname="Assignment.Page1"/>
  <testcase name="typeText" time="0.093" classname="Assignment.Page1"/>
  <testcase name="btnSearchClick" time="4.601" classname="Assignment.Page1"/>
  <testcase name="brandCheckBoxClick" time="8.768" classname="Assignment.Page2"/>
  <testcase name="selectProduct" time="5.788" classname="Assignment.Page2"/>
  <testcase name="selectProductSize" time="5.378" classname="Assignment.Page3"/>
  <testcase name="getItemTitle" time="0.135" classname="Assignment.Page3"/>
  <testcase name="addToCart" time="7.105" classname="Assignment.Page3"/>
  <testcase name="printPrice" time="5.059" classname="Assignment.Page4"/>
  <testcase name="clickCart" time="5.173" classname="Assignment.Page4"/>
  <testcase name="verifyCart" time="5.1" classname="Assignment.Page5"/>
  <testcase name="verifyQuantity" time="0.028" classname="Assignment.Page5"/>
  <testcase name="verifySubtotal" time="0.063" classname="Assignment.Page5"/>
  <testcase name="proceedToCheckout" time="2.992" classname="Assignment.Page5"/>
  <testcase name="createAccount" time="6.718" classname="Assignment.Page6"/>
  <testcase name="typeUserDetails" time="5.405" classname="Assignment.Page7"/>
</testsuite> <!-- BuyProduct -->
